<?xml version="1.0" encoding="UTF-8" ?>
<testsuite errors="0" failures="0" hostname="NANL-EMIN" name="com.evan.learning.HelloWorld.CalcTest" skipped="0" tests="3" time="0.048" timestamp="2018-02-02T05:46:59">
  <properties>
[...]
</properties>
  <testcase classname="com.evan.learning.HelloWorld.CalcTest" name="subTest" time="0.001" />
  <testcase classname="com.evan.learning.HelloWorld.CalcTest" name="addTest" time="0.0" />
  <testcase classname="com.evan.learning.HelloWorld.CalcTest" name="mulTest" time="0.0" />
  <system-out><![CDATA[junit subTest start
junit subTest over
junit addTest start
junit addTest over
junit mulTest start
junit mulTest over
]]></system-out>
  <system-err><![CDATA[]]></system-err>
</testsuite>
