<?xml version="1.0" encoding="UTF-8"?>
<testng-results skipped="0" failed="0" total="1" passed="1">
  <reporter-output>
  </reporter-output>
  <suite name="Command line suite" duration-ms="86" started-at="2018-02-13T08:52:58Z" finished-at="2018-02-13T08:52:58Z">
    <groups>
    </groups>
    <test name="Command line test" duration-ms="86" started-at="2018-02-13T08:52:58Z" finished-at="2018-02-13T08:52:58Z">
      <class name="com.evan.learning.HelloWorld.AppTest">
        <test-method status="PASS" signature="testApp()[pri:0, instance:testApp(com.evan.learning.HelloWorld.AppTest)]" name="testApp" duration-ms="15" started-at="2018-02-13T16:52:58Z" finished-at="2018-02-13T16:52:58Z">
          <reporter-output>
          </reporter-output>
        </test-method> <!-- testApp -->
      </class> <!-- com.evan.learning.HelloWorld.AppTest -->
    </test> <!-- Command line test -->
  </suite> <!-- Command line suite -->
</testng-results>
