<?xml version="1.0" encoding="UTF-8"?>
<!-- Generated by org.testng.reporters.JUnitXMLReporter -->
<testsuite hostname="NANL-EMIN" name="test1" tests="3" failures="0" timestamp="13 Feb 2018 09:09:50 GMT" time="0.059" errors="0">
  <testcase name="addngTest" time="0.008" classname="com.evan.learning.HelloWorld.CalcNgTest"/>
  <testcase name="mulngtest" time="0.001" classname="com.evan.learning.HelloWorld.CalcNgTest"/>
  <testcase name="subng" time="0.0" classname="com.evan.learning.HelloWorld.CalcNgTest"/>
</testsuite> <!-- test1 -->
